[2025-03-10 15:18:41] [INFO] [main] org.hibernate.Version - HHH000412: Hibernate ORM core version 6.4.4.Final
[2025-03-10 15:18:42] [INFO] [main] org.hibernate.cache.internal.RegionFactoryInitiator - HHH000026: Second-level cache disabled
[2025-03-10 15:18:42] [WARN] [main] org.hibernate.orm.connections.pooling - HHH10001002: Using built-in connection pool (not intended for production use)
[2025-03-10 15:18:42] [INFO] [main] org.hibernate.orm.connections.pooling - HHH10001005: Loaded JDBC driver class: org.postgresql.Driver
[2025-03-10 15:18:42] [INFO] [main] org.hibernate.orm.connections.pooling - HHH10001012: Connecting with JDBC URL [jdbc:postgresql://localhost:5432/Hotel]
[2025-03-10 15:18:42] [INFO] [main] org.hibernate.orm.connections.pooling - HHH10001001: Connection properties: {password=****, user=postgres}
[2025-03-10 15:18:42] [INFO] [main] org.hibernate.orm.connections.pooling - HHH10001003: Autocommit mode: false
[2025-03-10 15:18:42] [INFO] [main] org.hibernate.orm.connections.pooling - HHH10001115: Connection pool size: 20 (min=1)
[2025-03-10 15:18:42] [WARN] [main] org.hibernate.orm.deprecation - HHH90000025: PostgreSQLDialect does not need to be specified explicitly using 'hibernate.dialect' (remove the property setting and it will be selected by default)
[2025-03-10 15:18:44] [INFO] [main] org.hibernate.engine.transaction.jta.platform.internal.JtaPlatformInitiator - HHH000489: No JTA platform available (set 'hibernate.transaction.jta.platform' to enable JTA platform integration)
[2025-03-10 15:18:44] [INFO] [main] org.hibernate.orm.connections.access - HHH10001501: Connection obtained from JdbcConnectionAccess [org.hibernate.engine.jdbc.env.internal.JdbcEnvironmentInitiator$ConnectionProviderJdbcConnectionAccess@45dde6ac] for (non-JTA) DDL execution was not in auto-commit mode; the Connection 'local transaction' will be committed and the Connection will be set into auto-commit mode.
[2025-03-10 15:18:44] [INFO] [main] ru.senla.javacourse.tarasov.hotel.impl.config.HibernateUtil - SessionFactory created successfully.
[2025-03-10 15:18:44] [INFO] [main] ru.senla.javacourse.tarasov.hotel.ioc.DependencyInjector - Bean registered: org.hibernate.SessionFactory
[2025-03-10 15:18:44] [INFO] [main] ru.senla.javacourse.tarasov.hotel.ioc.DependencyInjector - Creating instance with dependencies for: ru.senla.javacourse.tarasov.hotel.ui.ConsoleUI
[2025-03-10 15:18:44] [INFO] [main] ru.senla.javacourse.tarasov.hotel.ioc.DependencyInjector - Creating instance with dependencies for: ru.senla.javacourse.tarasov.hotel.ui.ConsoleUI
[2025-03-10 15:18:44] [INFO] [main] ru.senla.javacourse.tarasov.hotel.ioc.DependencyInjector - Parameter types: [interface ru.senla.javacourse.tarasov.hotel.ui.MenuBuilder]
[2025-03-10 15:18:44] [INFO] [main] ru.senla.javacourse.tarasov.hotel.ioc.DependencyInjector - Injecting dependency: org.hibernate.SessionFactory into ru.senla.javacourse.tarasov.hotel.impl.repository.impl.RoomRepositoryImpl
[2025-03-10 15:18:44] [INFO] [main] ru.senla.javacourse.tarasov.hotel.ioc.DependencyInjector - Injecting dependency: ru.senla.javacourse.tarasov.hotel.impl.repository.RoomRepository into ru.senla.javacourse.tarasov.hotel.impl.service.impl.RoomServiceImpl
[2025-03-10 15:18:44] [INFO] [main] ru.senla.javacourse.tarasov.hotel.ioc.DependencyInjector - Injecting dependency: ru.senla.javacourse.tarasov.hotel.impl.service.RoomService into ru.senla.javacourse.tarasov.hotel.impl.controller.RoomControllerImpl
[2025-03-10 15:18:44] [INFO] [main] ru.senla.javacourse.tarasov.hotel.ioc.DependencyInjector - Injecting dependency: ru.senla.javacourse.tarasov.hotel.api.controller.RoomController into ru.senla.javacourse.tarasov.hotel.ui.MenuBuilderImpl
[2025-03-10 15:18:44] [INFO] [main] ru.senla.javacourse.tarasov.hotel.ioc.DependencyInjector - Injecting dependency: org.hibernate.SessionFactory into ru.senla.javacourse.tarasov.hotel.impl.repository.impl.RoomRepositoryImpl
[2025-03-10 15:18:44] [INFO] [main] ru.senla.javacourse.tarasov.hotel.ioc.DependencyInjector - Injecting dependency: ru.senla.javacourse.tarasov.hotel.impl.repository.RoomRepository into ru.senla.javacourse.tarasov.hotel.impl.service.impl.CheckServiceImpl
[2025-03-10 15:18:44] [INFO] [main] ru.senla.javacourse.tarasov.hotel.ioc.DependencyInjector - Injecting dependency: ru.senla.javacourse.tarasov.hotel.impl.service.CheckService into ru.senla.javacourse.tarasov.hotel.impl.controller.CheckControllerImpl
[2025-03-10 15:18:44] [INFO] [main] ru.senla.javacourse.tarasov.hotel.ioc.DependencyInjector - Injecting dependency: ru.senla.javacourse.tarasov.hotel.api.controller.CheckController into ru.senla.javacourse.tarasov.hotel.ui.MenuBuilderImpl
[2025-03-10 15:18:44] [INFO] [main] ru.senla.javacourse.tarasov.hotel.ioc.DependencyInjector - Injecting dependency: org.hibernate.SessionFactory into ru.senla.javacourse.tarasov.hotel.impl.repository.impl.GuestRepositoryImpl
[2025-03-10 15:18:44] [INFO] [main] ru.senla.javacourse.tarasov.hotel.ioc.DependencyInjector - Injecting dependency: ru.senla.javacourse.tarasov.hotel.impl.repository.GuestRepository into ru.senla.javacourse.tarasov.hotel.impl.service.impl.GuestServiceImpl
[2025-03-10 15:18:44] [INFO] [main] ru.senla.javacourse.tarasov.hotel.ioc.DependencyInjector - Injecting dependency: ru.senla.javacourse.tarasov.hotel.impl.service.GuestService into ru.senla.javacourse.tarasov.hotel.impl.controller.GuestControllerImpl
[2025-03-10 15:18:44] [INFO] [main] ru.senla.javacourse.tarasov.hotel.ioc.DependencyInjector - Injecting dependency: ru.senla.javacourse.tarasov.hotel.api.controller.GuestController into ru.senla.javacourse.tarasov.hotel.ui.MenuBuilderImpl
[2025-03-10 15:18:44] [INFO] [main] ru.senla.javacourse.tarasov.hotel.ioc.DependencyInjector - Injecting dependency: org.hibernate.SessionFactory into ru.senla.javacourse.tarasov.hotel.impl.repository.impl.ServiceRepositoryImpl
[2025-03-10 15:18:44] [INFO] [main] ru.senla.javacourse.tarasov.hotel.ioc.DependencyInjector - Injecting dependency: ru.senla.javacourse.tarasov.hotel.impl.repository.ServiceRepository into ru.senla.javacourse.tarasov.hotel.impl.service.impl.ServiceServiceImpl
[2025-03-10 15:18:44] [INFO] [main] ru.senla.javacourse.tarasov.hotel.ioc.DependencyInjector - Injecting dependency: ru.senla.javacourse.tarasov.hotel.impl.service.ServiceService into ru.senla.javacourse.tarasov.hotel.impl.controller.ServiceControllerImpl
[2025-03-10 15:18:44] [INFO] [main] ru.senla.javacourse.tarasov.hotel.ioc.DependencyInjector - Injecting dependency: ru.senla.javacourse.tarasov.hotel.api.controller.ServiceController into ru.senla.javacourse.tarasov.hotel.ui.MenuBuilderImpl
[2025-03-10 15:18:44] [INFO] [main] ru.senla.javacourse.tarasov.hotel.ioc.DependencyInjector - Parameters: [ru.senla.javacourse.tarasov.hotel.ui.MenuBuilderImpl@44384b4a]
[2025-03-10 15:18:44] [INFO] [main] ru.senla.javacourse.tarasov.hotel.ioc.DependencyInjector - Instance created: ru.senla.javacourse.tarasov.hotel.ui.ConsoleUI
[2025-03-10 15:18:44] [INFO] [main] ru.senla.javacourse.tarasov.hotel.ioc.DependencyInjector - Injecting dependency: org.hibernate.SessionFactory into ru.senla.javacourse.tarasov.hotel.impl.repository.impl.StayRepositoryImpl
[2025-03-10 15:18:44] [INFO] [main] ru.senla.javacourse.tarasov.hotel.ioc.DependencyInjector - Класс: ru.senla.javacourse.tarasov.hotel.impl.controller.GuestControllerImpl
[2025-03-10 15:18:44] [INFO] [main] ru.senla.javacourse.tarasov.hotel.ioc.DependencyInjector - Класс: ru.senla.javacourse.tarasov.hotel.impl.controller.CheckControllerImpl
[2025-03-10 15:18:44] [INFO] [main] ru.senla.javacourse.tarasov.hotel.ioc.DependencyInjector - Класс: ru.senla.javacourse.tarasov.hotel.impl.service.impl.ServiceServiceImpl
[2025-03-10 15:18:44] [INFO] [main] ru.senla.javacourse.tarasov.hotel.ioc.DependencyInjector - Класс: ru.senla.javacourse.tarasov.hotel.impl.repository.impl.StayRepositoryImpl
[2025-03-10 15:18:44] [INFO] [main] ru.senla.javacourse.tarasov.hotel.ioc.DependencyInjector - Класс: ru.senla.javacourse.tarasov.hotel.ui.MenuBuilderImpl
[2025-03-10 15:18:44] [INFO] [main] ru.senla.javacourse.tarasov.hotel.ioc.DependencyInjector - Класс: ru.senla.javacourse.tarasov.hotel.impl.config.HibernateUtil
[2025-03-10 15:18:44] [INFO] [main] ru.senla.javacourse.tarasov.hotel.ioc.DependencyInjector - Класс: ru.senla.javacourse.tarasov.hotel.impl.repository.impl.RoomRepositoryImpl
[2025-03-10 15:18:44] [INFO] [main] ru.senla.javacourse.tarasov.hotel.ioc.DependencyInjector - Класс: ru.senla.javacourse.tarasov.hotel.impl.service.impl.RoomServiceImpl
[2025-03-10 15:18:44] [INFO] [main] ru.senla.javacourse.tarasov.hotel.ioc.DependencyInjector - Класс: ru.senla.javacourse.tarasov.hotel.impl.controller.ServiceControllerImpl
[2025-03-10 15:18:44] [INFO] [main] ru.senla.javacourse.tarasov.hotel.ioc.DependencyInjector - Класс: ru.senla.javacourse.tarasov.hotel.impl.controller.RoomControllerImpl
[2025-03-10 15:18:44] [INFO] [main] ru.senla.javacourse.tarasov.hotel.ioc.DependencyInjector - Класс: org.hibernate.SessionFactory
[2025-03-10 15:18:44] [INFO] [main] ru.senla.javacourse.tarasov.hotel.ioc.DependencyInjector - Класс: ru.senla.javacourse.tarasov.hotel.impl.service.impl.CheckServiceImpl
[2025-03-10 15:18:44] [INFO] [main] ru.senla.javacourse.tarasov.hotel.ioc.DependencyInjector - Класс: ru.senla.javacourse.tarasov.hotel.impl.repository.impl.GuestRepositoryImpl
[2025-03-10 15:18:44] [INFO] [main] ru.senla.javacourse.tarasov.hotel.ioc.DependencyInjector - Класс: ru.senla.javacourse.tarasov.hotel.ui.ConsoleUI
[2025-03-10 15:18:44] [INFO] [main] ru.senla.javacourse.tarasov.hotel.ioc.DependencyInjector - Класс: ru.senla.javacourse.tarasov.hotel.impl.service.impl.GuestServiceImpl
[2025-03-10 15:18:44] [INFO] [main] ru.senla.javacourse.tarasov.hotel.ioc.DependencyInjector - Класс: ru.senla.javacourse.tarasov.hotel.impl.repository.impl.ServiceRepositoryImpl
[2025-03-11 14:58:09] [INFO] [main] org.hibernate.Version - HHH000412: Hibernate ORM core version 6.4.4.Final
[2025-03-11 14:58:10] [INFO] [main] org.hibernate.cache.internal.RegionFactoryInitiator - HHH000026: Second-level cache disabled
[2025-03-11 14:58:10] [WARN] [main] org.hibernate.orm.connections.pooling - HHH10001002: Using built-in connection pool (not intended for production use)
[2025-03-11 14:58:10] [INFO] [main] org.hibernate.orm.connections.pooling - HHH10001005: Loaded JDBC driver class: org.postgresql.Driver
[2025-03-11 14:58:10] [INFO] [main] org.hibernate.orm.connections.pooling - HHH10001012: Connecting with JDBC URL [jdbc:postgresql://localhost:5432/Hotel]
[2025-03-11 14:58:10] [INFO] [main] org.hibernate.orm.connections.pooling - HHH10001001: Connection properties: {password=****, user=postgres}
[2025-03-11 14:58:10] [INFO] [main] org.hibernate.orm.connections.pooling - HHH10001003: Autocommit mode: false
[2025-03-11 14:58:10] [INFO] [main] org.hibernate.orm.connections.pooling - HHH10001115: Connection pool size: 20 (min=1)
[2025-03-11 14:58:11] [WARN] [main] org.hibernate.orm.deprecation - HHH90000025: PostgreSQLDialect does not need to be specified explicitly using 'hibernate.dialect' (remove the property setting and it will be selected by default)
[2025-03-11 14:58:12] [INFO] [main] org.hibernate.engine.transaction.jta.platform.internal.JtaPlatformInitiator - HHH000489: No JTA platform available (set 'hibernate.transaction.jta.platform' to enable JTA platform integration)
[2025-03-11 14:58:13] [INFO] [main] org.hibernate.orm.connections.access - HHH10001501: Connection obtained from JdbcConnectionAccess [org.hibernate.engine.jdbc.env.internal.JdbcEnvironmentInitiator$ConnectionProviderJdbcConnectionAccess@1934339] for (non-JTA) DDL execution was not in auto-commit mode; the Connection 'local transaction' will be committed and the Connection will be set into auto-commit mode.
[2025-03-11 14:58:14] [INFO] [main] ru.senla.javacourse.tarasov.hotel.impl.config.HibernateUtil - SessionFactory created successfully.
[2025-03-11 14:58:14] [INFO] [main] ru.senla.javacourse.tarasov.hotel.ioc.DependencyInjector - Bean registered: org.hibernate.SessionFactory
[2025-03-11 14:58:14] [INFO] [main] ru.senla.javacourse.tarasov.hotel.ioc.DependencyInjector - Creating instance with dependencies for: ru.senla.javacourse.tarasov.hotel.ui.ConsoleUI
[2025-03-11 14:58:14] [INFO] [main] ru.senla.javacourse.tarasov.hotel.ioc.DependencyInjector - Creating instance with dependencies for: ru.senla.javacourse.tarasov.hotel.ui.ConsoleUI
[2025-03-11 14:58:14] [INFO] [main] ru.senla.javacourse.tarasov.hotel.ioc.DependencyInjector - Parameter types: [interface ru.senla.javacourse.tarasov.hotel.ui.MenuBuilder]
[2025-03-11 14:58:14] [INFO] [main] ru.senla.javacourse.tarasov.hotel.ioc.DependencyInjector - Injecting dependency: org.hibernate.SessionFactory into ru.senla.javacourse.tarasov.hotel.impl.repository.impl.RoomRepositoryImpl
[2025-03-11 14:58:14] [INFO] [main] ru.senla.javacourse.tarasov.hotel.ioc.DependencyInjector - Injecting dependency: ru.senla.javacourse.tarasov.hotel.impl.repository.RoomRepository into ru.senla.javacourse.tarasov.hotel.impl.service.impl.RoomServiceImpl
[2025-03-11 14:58:14] [INFO] [main] ru.senla.javacourse.tarasov.hotel.ioc.DependencyInjector - Injecting dependency: ru.senla.javacourse.tarasov.hotel.impl.service.RoomService into ru.senla.javacourse.tarasov.hotel.impl.controller.RoomControllerImpl
[2025-03-11 14:58:14] [INFO] [main] ru.senla.javacourse.tarasov.hotel.ioc.DependencyInjector - Injecting dependency: ru.senla.javacourse.tarasov.hotel.api.controller.RoomController into ru.senla.javacourse.tarasov.hotel.ui.MenuBuilderImpl
[2025-03-11 14:58:14] [INFO] [main] ru.senla.javacourse.tarasov.hotel.ioc.DependencyInjector - Injecting dependency: org.hibernate.SessionFactory into ru.senla.javacourse.tarasov.hotel.impl.repository.impl.RoomRepositoryImpl
[2025-03-11 14:58:14] [INFO] [main] ru.senla.javacourse.tarasov.hotel.ioc.DependencyInjector - Injecting dependency: ru.senla.javacourse.tarasov.hotel.impl.repository.RoomRepository into ru.senla.javacourse.tarasov.hotel.impl.service.impl.CheckServiceImpl
[2025-03-11 14:58:14] [INFO] [main] ru.senla.javacourse.tarasov.hotel.ioc.DependencyInjector - Injecting dependency: ru.senla.javacourse.tarasov.hotel.impl.service.CheckService into ru.senla.javacourse.tarasov.hotel.impl.controller.CheckControllerImpl
[2025-03-11 14:58:14] [INFO] [main] ru.senla.javacourse.tarasov.hotel.ioc.DependencyInjector - Injecting dependency: ru.senla.javacourse.tarasov.hotel.api.controller.CheckController into ru.senla.javacourse.tarasov.hotel.ui.MenuBuilderImpl
[2025-03-11 14:58:14] [INFO] [main] ru.senla.javacourse.tarasov.hotel.ioc.DependencyInjector - Injecting dependency: org.hibernate.SessionFactory into ru.senla.javacourse.tarasov.hotel.impl.repository.impl.GuestRepositoryImpl
[2025-03-11 14:58:14] [INFO] [main] ru.senla.javacourse.tarasov.hotel.ioc.DependencyInjector - Injecting dependency: ru.senla.javacourse.tarasov.hotel.impl.repository.GuestRepository into ru.senla.javacourse.tarasov.hotel.impl.service.impl.GuestServiceImpl
[2025-03-11 14:58:14] [INFO] [main] ru.senla.javacourse.tarasov.hotel.ioc.DependencyInjector - Injecting dependency: ru.senla.javacourse.tarasov.hotel.impl.service.GuestService into ru.senla.javacourse.tarasov.hotel.impl.controller.GuestControllerImpl
[2025-03-11 14:58:14] [INFO] [main] ru.senla.javacourse.tarasov.hotel.ioc.DependencyInjector - Injecting dependency: ru.senla.javacourse.tarasov.hotel.api.controller.GuestController into ru.senla.javacourse.tarasov.hotel.ui.MenuBuilderImpl
[2025-03-11 14:58:14] [INFO] [main] ru.senla.javacourse.tarasov.hotel.ioc.DependencyInjector - Injecting dependency: org.hibernate.SessionFactory into ru.senla.javacourse.tarasov.hotel.impl.repository.impl.ServiceRepositoryImpl
[2025-03-11 14:58:14] [INFO] [main] ru.senla.javacourse.tarasov.hotel.ioc.DependencyInjector - Injecting dependency: ru.senla.javacourse.tarasov.hotel.impl.repository.ServiceRepository into ru.senla.javacourse.tarasov.hotel.impl.service.impl.ServiceServiceImpl
[2025-03-11 14:58:14] [INFO] [main] ru.senla.javacourse.tarasov.hotel.ioc.DependencyInjector - Injecting dependency: ru.senla.javacourse.tarasov.hotel.impl.service.ServiceService into ru.senla.javacourse.tarasov.hotel.impl.controller.ServiceControllerImpl
[2025-03-11 14:58:14] [INFO] [main] ru.senla.javacourse.tarasov.hotel.ioc.DependencyInjector - Injecting dependency: ru.senla.javacourse.tarasov.hotel.api.controller.ServiceController into ru.senla.javacourse.tarasov.hotel.ui.MenuBuilderImpl
[2025-03-11 14:58:14] [INFO] [main] ru.senla.javacourse.tarasov.hotel.ioc.DependencyInjector - Parameters: [ru.senla.javacourse.tarasov.hotel.ui.MenuBuilderImpl@2154652c]
[2025-03-11 14:58:14] [INFO] [main] ru.senla.javacourse.tarasov.hotel.ioc.DependencyInjector - Instance created: ru.senla.javacourse.tarasov.hotel.ui.ConsoleUI
[2025-03-11 14:58:14] [INFO] [main] ru.senla.javacourse.tarasov.hotel.ioc.DependencyInjector - Injecting dependency: org.hibernate.SessionFactory into ru.senla.javacourse.tarasov.hotel.impl.repository.impl.StayRepositoryImpl
[2025-03-11 14:58:14] [INFO] [main] ru.senla.javacourse.tarasov.hotel.ioc.DependencyInjector - Класс: ru.senla.javacourse.tarasov.hotel.impl.config.HibernateUtil
[2025-03-11 14:58:14] [INFO] [main] ru.senla.javacourse.tarasov.hotel.ioc.DependencyInjector - Класс: ru.senla.javacourse.tarasov.hotel.impl.controller.RoomControllerImpl
[2025-03-11 14:58:14] [INFO] [main] ru.senla.javacourse.tarasov.hotel.ioc.DependencyInjector - Класс: ru.senla.javacourse.tarasov.hotel.impl.controller.ServiceControllerImpl
[2025-03-11 14:58:14] [INFO] [main] ru.senla.javacourse.tarasov.hotel.ioc.DependencyInjector - Класс: ru.senla.javacourse.tarasov.hotel.impl.repository.impl.ServiceRepositoryImpl
[2025-03-11 14:58:14] [INFO] [main] ru.senla.javacourse.tarasov.hotel.ioc.DependencyInjector - Класс: ru.senla.javacourse.tarasov.hotel.impl.service.impl.ServiceServiceImpl
[2025-03-11 14:58:14] [INFO] [main] ru.senla.javacourse.tarasov.hotel.ioc.DependencyInjector - Класс: ru.senla.javacourse.tarasov.hotel.impl.controller.GuestControllerImpl
[2025-03-11 14:58:14] [INFO] [main] ru.senla.javacourse.tarasov.hotel.ioc.DependencyInjector - Класс: org.hibernate.SessionFactory
[2025-03-11 14:58:14] [INFO] [main] ru.senla.javacourse.tarasov.hotel.ioc.DependencyInjector - Класс: ru.senla.javacourse.tarasov.hotel.impl.service.impl.RoomServiceImpl
[2025-03-11 14:58:14] [INFO] [main] ru.senla.javacourse.tarasov.hotel.ioc.DependencyInjector - Класс: ru.senla.javacourse.tarasov.hotel.impl.service.impl.GuestServiceImpl
[2025-03-11 14:58:14] [INFO] [main] ru.senla.javacourse.tarasov.hotel.ioc.DependencyInjector - Класс: ru.senla.javacourse.tarasov.hotel.impl.repository.impl.StayRepositoryImpl
[2025-03-11 14:58:14] [INFO] [main] ru.senla.javacourse.tarasov.hotel.ioc.DependencyInjector - Класс: ru.senla.javacourse.tarasov.hotel.impl.repository.impl.RoomRepositoryImpl
[2025-03-11 14:58:14] [INFO] [main] ru.senla.javacourse.tarasov.hotel.ioc.DependencyInjector - Класс: ru.senla.javacourse.tarasov.hotel.ui.ConsoleUI
[2025-03-11 14:58:14] [INFO] [main] ru.senla.javacourse.tarasov.hotel.ioc.DependencyInjector - Класс: ru.senla.javacourse.tarasov.hotel.impl.repository.impl.GuestRepositoryImpl
[2025-03-11 14:58:14] [INFO] [main] ru.senla.javacourse.tarasov.hotel.ioc.DependencyInjector - Класс: ru.senla.javacourse.tarasov.hotel.ui.MenuBuilderImpl
[2025-03-11 14:58:14] [INFO] [main] ru.senla.javacourse.tarasov.hotel.ioc.DependencyInjector - Класс: ru.senla.javacourse.tarasov.hotel.impl.service.impl.CheckServiceImpl
[2025-03-11 14:58:14] [INFO] [main] ru.senla.javacourse.tarasov.hotel.ioc.DependencyInjector - Класс: ru.senla.javacourse.tarasov.hotel.impl.controller.CheckControllerImpl
[2025-03-11 14:59:19] [INFO] [main] org.hibernate.Version - HHH000412: Hibernate ORM core version 6.4.4.Final
[2025-03-11 14:59:19] [INFO] [main] org.hibernate.cache.internal.RegionFactoryInitiator - HHH000026: Second-level cache disabled
[2025-03-11 14:59:19] [WARN] [main] org.hibernate.orm.connections.pooling - HHH10001002: Using built-in connection pool (not intended for production use)
[2025-03-11 14:59:19] [INFO] [main] org.hibernate.orm.connections.pooling - HHH10001005: Loaded JDBC driver class: org.postgresql.Driver
[2025-03-11 14:59:19] [INFO] [main] org.hibernate.orm.connections.pooling - HHH10001012: Connecting with JDBC URL [jdbc:postgresql://localhost:5432/Hotel]
[2025-03-11 14:59:19] [INFO] [main] org.hibernate.orm.connections.pooling - HHH10001001: Connection properties: {password=****, user=postgres}
[2025-03-11 14:59:19] [INFO] [main] org.hibernate.orm.connections.pooling - HHH10001003: Autocommit mode: false
[2025-03-11 14:59:19] [INFO] [main] org.hibernate.orm.connections.pooling - HHH10001115: Connection pool size: 20 (min=1)
[2025-03-11 14:59:20] [WARN] [main] org.hibernate.orm.deprecation - HHH90000025: PostgreSQLDialect does not need to be specified explicitly using 'hibernate.dialect' (remove the property setting and it will be selected by default)
[2025-03-11 14:59:21] [INFO] [main] org.hibernate.engine.transaction.jta.platform.internal.JtaPlatformInitiator - HHH000489: No JTA platform available (set 'hibernate.transaction.jta.platform' to enable JTA platform integration)
[2025-03-11 14:59:21] [INFO] [main] org.hibernate.orm.connections.access - HHH10001501: Connection obtained from JdbcConnectionAccess [org.hibernate.engine.jdbc.env.internal.JdbcEnvironmentInitiator$ConnectionProviderJdbcConnectionAccess@27bb4dc5] for (non-JTA) DDL execution was not in auto-commit mode; the Connection 'local transaction' will be committed and the Connection will be set into auto-commit mode.
[2025-03-11 14:59:21] [INFO] [main] ru.senla.javacourse.tarasov.hotel.impl.config.HibernateUtil - SessionFactory created successfully.
[2025-03-11 14:59:21] [INFO] [main] ru.senla.javacourse.tarasov.hotel.ioc.DependencyInjector - Bean registered: org.hibernate.SessionFactory
[2025-03-11 14:59:21] [INFO] [main] ru.senla.javacourse.tarasov.hotel.ioc.DependencyInjector - Creating instance with dependencies for: ru.senla.javacourse.tarasov.hotel.ui.ConsoleUI
[2025-03-11 14:59:21] [INFO] [main] ru.senla.javacourse.tarasov.hotel.ioc.DependencyInjector - Creating instance with dependencies for: ru.senla.javacourse.tarasov.hotel.ui.ConsoleUI
[2025-03-11 14:59:21] [INFO] [main] ru.senla.javacourse.tarasov.hotel.ioc.DependencyInjector - Parameter types: [interface ru.senla.javacourse.tarasov.hotel.ui.MenuBuilder]
[2025-03-11 14:59:21] [INFO] [main] ru.senla.javacourse.tarasov.hotel.ioc.DependencyInjector - Injecting dependency: org.hibernate.SessionFactory into ru.senla.javacourse.tarasov.hotel.impl.repository.impl.RoomRepositoryImpl
[2025-03-11 14:59:21] [INFO] [main] ru.senla.javacourse.tarasov.hotel.ioc.DependencyInjector - Injecting dependency: ru.senla.javacourse.tarasov.hotel.impl.repository.RoomRepository into ru.senla.javacourse.tarasov.hotel.impl.service.impl.RoomServiceImpl
[2025-03-11 14:59:21] [INFO] [main] ru.senla.javacourse.tarasov.hotel.ioc.DependencyInjector - Injecting dependency: ru.senla.javacourse.tarasov.hotel.impl.service.RoomService into ru.senla.javacourse.tarasov.hotel.impl.controller.RoomControllerImpl
[2025-03-11 14:59:21] [INFO] [main] ru.senla.javacourse.tarasov.hotel.ioc.DependencyInjector - Injecting dependency: ru.senla.javacourse.tarasov.hotel.api.controller.RoomController into ru.senla.javacourse.tarasov.hotel.ui.MenuBuilderImpl
[2025-03-11 14:59:21] [INFO] [main] ru.senla.javacourse.tarasov.hotel.ioc.DependencyInjector - Injecting dependency: org.hibernate.SessionFactory into ru.senla.javacourse.tarasov.hotel.impl.repository.impl.RoomRepositoryImpl
[2025-03-11 14:59:21] [INFO] [main] ru.senla.javacourse.tarasov.hotel.ioc.DependencyInjector - Injecting dependency: ru.senla.javacourse.tarasov.hotel.impl.repository.RoomRepository into ru.senla.javacourse.tarasov.hotel.impl.service.impl.CheckServiceImpl
[2025-03-11 14:59:21] [INFO] [main] ru.senla.javacourse.tarasov.hotel.ioc.DependencyInjector - Injecting dependency: ru.senla.javacourse.tarasov.hotel.impl.service.CheckService into ru.senla.javacourse.tarasov.hotel.impl.controller.CheckControllerImpl
[2025-03-11 14:59:21] [INFO] [main] ru.senla.javacourse.tarasov.hotel.ioc.DependencyInjector - Injecting dependency: ru.senla.javacourse.tarasov.hotel.api.controller.CheckController into ru.senla.javacourse.tarasov.hotel.ui.MenuBuilderImpl
[2025-03-11 14:59:22] [INFO] [main] ru.senla.javacourse.tarasov.hotel.ioc.DependencyInjector - Injecting dependency: org.hibernate.SessionFactory into ru.senla.javacourse.tarasov.hotel.impl.repository.impl.GuestRepositoryImpl
[2025-03-11 14:59:22] [INFO] [main] ru.senla.javacourse.tarasov.hotel.ioc.DependencyInjector - Injecting dependency: ru.senla.javacourse.tarasov.hotel.impl.repository.GuestRepository into ru.senla.javacourse.tarasov.hotel.impl.service.impl.GuestServiceImpl
[2025-03-11 14:59:22] [INFO] [main] ru.senla.javacourse.tarasov.hotel.ioc.DependencyInjector - Injecting dependency: ru.senla.javacourse.tarasov.hotel.impl.service.GuestService into ru.senla.javacourse.tarasov.hotel.impl.controller.GuestControllerImpl
[2025-03-11 14:59:22] [INFO] [main] ru.senla.javacourse.tarasov.hotel.ioc.DependencyInjector - Injecting dependency: ru.senla.javacourse.tarasov.hotel.api.controller.GuestController into ru.senla.javacourse.tarasov.hotel.ui.MenuBuilderImpl
[2025-03-11 14:59:22] [INFO] [main] ru.senla.javacourse.tarasov.hotel.ioc.DependencyInjector - Injecting dependency: org.hibernate.SessionFactory into ru.senla.javacourse.tarasov.hotel.impl.repository.impl.ServiceRepositoryImpl
[2025-03-11 14:59:22] [INFO] [main] ru.senla.javacourse.tarasov.hotel.ioc.DependencyInjector - Injecting dependency: ru.senla.javacourse.tarasov.hotel.impl.repository.ServiceRepository into ru.senla.javacourse.tarasov.hotel.impl.service.impl.ServiceServiceImpl
[2025-03-11 14:59:22] [INFO] [main] ru.senla.javacourse.tarasov.hotel.ioc.DependencyInjector - Injecting dependency: ru.senla.javacourse.tarasov.hotel.impl.service.ServiceService into ru.senla.javacourse.tarasov.hotel.impl.controller.ServiceControllerImpl
[2025-03-11 14:59:22] [INFO] [main] ru.senla.javacourse.tarasov.hotel.ioc.DependencyInjector - Injecting dependency: ru.senla.javacourse.tarasov.hotel.api.controller.ServiceController into ru.senla.javacourse.tarasov.hotel.ui.MenuBuilderImpl
[2025-03-11 14:59:22] [INFO] [main] ru.senla.javacourse.tarasov.hotel.ioc.DependencyInjector - Parameters: [ru.senla.javacourse.tarasov.hotel.ui.MenuBuilderImpl@2fb082ff]
[2025-03-11 14:59:22] [INFO] [main] ru.senla.javacourse.tarasov.hotel.ioc.DependencyInjector - Instance created: ru.senla.javacourse.tarasov.hotel.ui.ConsoleUI
[2025-03-11 14:59:22] [INFO] [main] ru.senla.javacourse.tarasov.hotel.ioc.DependencyInjector - Injecting dependency: org.hibernate.SessionFactory into ru.senla.javacourse.tarasov.hotel.impl.repository.impl.StayRepositoryImpl
[2025-03-11 14:59:22] [INFO] [main] ru.senla.javacourse.tarasov.hotel.ioc.DependencyInjector - Класс: ru.senla.javacourse.tarasov.hotel.impl.controller.ServiceControllerImpl
[2025-03-11 14:59:22] [INFO] [main] ru.senla.javacourse.tarasov.hotel.ioc.DependencyInjector - Класс: ru.senla.javacourse.tarasov.hotel.impl.service.impl.CheckServiceImpl
[2025-03-11 14:59:22] [INFO] [main] ru.senla.javacourse.tarasov.hotel.ioc.DependencyInjector - Класс: ru.senla.javacourse.tarasov.hotel.impl.service.impl.ServiceServiceImpl
[2025-03-11 14:59:22] [INFO] [main] ru.senla.javacourse.tarasov.hotel.ioc.DependencyInjector - Класс: ru.senla.javacourse.tarasov.hotel.impl.repository.impl.StayRepositoryImpl
[2025-03-11 14:59:22] [INFO] [main] ru.senla.javacourse.tarasov.hotel.ioc.DependencyInjector - Класс: ru.senla.javacourse.tarasov.hotel.ui.MenuBuilderImpl
[2025-03-11 14:59:22] [INFO] [main] ru.senla.javacourse.tarasov.hotel.ioc.DependencyInjector - Класс: ru.senla.javacourse.tarasov.hotel.impl.repository.impl.RoomRepositoryImpl
[2025-03-11 14:59:22] [INFO] [main] ru.senla.javacourse.tarasov.hotel.ioc.DependencyInjector - Класс: ru.senla.javacourse.tarasov.hotel.impl.service.impl.GuestServiceImpl
[2025-03-11 14:59:22] [INFO] [main] ru.senla.javacourse.tarasov.hotel.ioc.DependencyInjector - Класс: ru.senla.javacourse.tarasov.hotel.impl.config.HibernateUtil
[2025-03-11 14:59:22] [INFO] [main] ru.senla.javacourse.tarasov.hotel.ioc.DependencyInjector - Класс: org.hibernate.SessionFactory
[2025-03-11 14:59:22] [INFO] [main] ru.senla.javacourse.tarasov.hotel.ioc.DependencyInjector - Класс: ru.senla.javacourse.tarasov.hotel.ui.ConsoleUI
[2025-03-11 14:59:22] [INFO] [main] ru.senla.javacourse.tarasov.hotel.ioc.DependencyInjector - Класс: ru.senla.javacourse.tarasov.hotel.impl.service.impl.RoomServiceImpl
[2025-03-11 14:59:22] [INFO] [main] ru.senla.javacourse.tarasov.hotel.ioc.DependencyInjector - Класс: ru.senla.javacourse.tarasov.hotel.impl.controller.GuestControllerImpl
[2025-03-11 14:59:22] [INFO] [main] ru.senla.javacourse.tarasov.hotel.ioc.DependencyInjector - Класс: ru.senla.javacourse.tarasov.hotel.impl.repository.impl.ServiceRepositoryImpl
[2025-03-11 14:59:22] [INFO] [main] ru.senla.javacourse.tarasov.hotel.ioc.DependencyInjector - Класс: ru.senla.javacourse.tarasov.hotel.impl.controller.CheckControllerImpl
[2025-03-11 14:59:22] [INFO] [main] ru.senla.javacourse.tarasov.hotel.ioc.DependencyInjector - Класс: ru.senla.javacourse.tarasov.hotel.impl.repository.impl.GuestRepositoryImpl
[2025-03-11 14:59:22] [INFO] [main] ru.senla.javacourse.tarasov.hotel.ioc.DependencyInjector - Класс: ru.senla.javacourse.tarasov.hotel.impl.controller.RoomControllerImpl
[2025-03-11 15:16:46] [WARN] [main] org.springframework.context.annotation.AnnotationConfigApplicationContext - Exception encountered during context initialization - cancelling refresh attempt: org.springframework.beans.factory.BeanDefinitionStoreException: Failed to parse configuration class [ru.senla.javacourse.tarasov.hotel.impl.AppConfig]
[2025-03-11 15:54:11] [WARN] [main] org.springframework.context.annotation.AnnotationConfigApplicationContext - Exception encountered during context initialization - cancelling refresh attempt: org.springframework.beans.factory.BeanDefinitionStoreException: Failed to parse configuration class [ru.senla.javacourse.tarasov.hotel.impl.AppConfig]
[2025-03-11 16:19:36] [WARN] [main] org.springframework.core.LocalVariableTableParameterNameDiscoverer - Using deprecated '-debug' fallback for parameter name resolution. Compile the affected code with '-parameters' instead or avoid its introspection: ru.senla.javacourse.tarasov.hotel.ui.MenuBuilderImpl
[2025-03-11 16:19:36] [WARN] [main] org.springframework.context.annotation.AnnotationConfigApplicationContext - Exception encountered during context initialization - cancelling refresh attempt: org.springframework.beans.factory.UnsatisfiedDependencyException: Error creating bean with name 'consoleUI' defined in file [C:\Users\Kirill\IdeaProjects\Test\hotel-ui\target\classes\ru\senla\javacourse\tarasov\hotel\ui\ConsoleUI.class]: Unsatisfied dependency expressed through constructor parameter 0: Error creating bean with name 'menuBuilderImpl' defined in file [C:\Users\Kirill\IdeaProjects\Test\hotel-ui\target\classes\ru\senla\javacourse\tarasov\hotel\ui\MenuBuilderImpl.class]: Unsatisfied dependency expressed through constructor parameter 1: No qualifying bean of type 'ru.senla.javacourse.tarasov.hotel.api.controller.CheckController' available: expected at least 1 bean which qualifies as autowire candidate. Dependency annotations: {}
[2025-03-11 16:19:57] [WARN] [main] org.springframework.core.LocalVariableTableParameterNameDiscoverer - Using deprecated '-debug' fallback for parameter name resolution. Compile the affected code with '-parameters' instead or avoid its introspection: ru.senla.javacourse.tarasov.hotel.ui.MenuBuilderImpl
[2025-03-11 16:19:57] [WARN] [main] org.springframework.context.annotation.AnnotationConfigApplicationContext - Exception encountered during context initialization - cancelling refresh attempt: org.springframework.beans.factory.UnsatisfiedDependencyException: Error creating bean with name 'consoleUI' defined in file [C:\Users\Kirill\IdeaProjects\Test\hotel-ui\target\classes\ru\senla\javacourse\tarasov\hotel\ui\ConsoleUI.class]: Unsatisfied dependency expressed through constructor parameter 0: Error creating bean with name 'menuBuilderImpl' defined in file [C:\Users\Kirill\IdeaProjects\Test\hotel-ui\target\classes\ru\senla\javacourse\tarasov\hotel\ui\MenuBuilderImpl.class]: Unsatisfied dependency expressed through constructor parameter 1: No qualifying bean of type 'ru.senla.javacourse.tarasov.hotel.api.controller.CheckController' available: expected at least 1 bean which qualifies as autowire candidate. Dependency annotations: {}
[2025-03-11 16:22:15] [WARN] [main] org.springframework.core.LocalVariableTableParameterNameDiscoverer - Using deprecated '-debug' fallback for parameter name resolution. Compile the affected code with '-parameters' instead or avoid its introspection: ru.senla.javacourse.tarasov.hotel.ui.MenuBuilderImpl
[2025-03-11 16:22:15] [WARN] [main] org.springframework.context.annotation.AnnotationConfigApplicationContext - Exception encountered during context initialization - cancelling refresh attempt: org.springframework.beans.factory.UnsatisfiedDependencyException: Error creating bean with name 'consoleUI' defined in file [C:\Users\Kirill\IdeaProjects\Test\hotel-ui\target\classes\ru\senla\javacourse\tarasov\hotel\ui\ConsoleUI.class]: Unsatisfied dependency expressed through constructor parameter 0: Error creating bean with name 'menuBuilderImpl' defined in file [C:\Users\Kirill\IdeaProjects\Test\hotel-ui\target\classes\ru\senla\javacourse\tarasov\hotel\ui\MenuBuilderImpl.class]: Unsatisfied dependency expressed through constructor parameter 1: No qualifying bean of type 'ru.senla.javacourse.tarasov.hotel.api.controller.CheckController' available: expected at least 1 bean which qualifies as autowire candidate. Dependency annotations: {}
[2025-03-11 16:22:55] [WARN] [main] org.springframework.core.LocalVariableTableParameterNameDiscoverer - Using deprecated '-debug' fallback for parameter name resolution. Compile the affected code with '-parameters' instead or avoid its introspection: ru.senla.javacourse.tarasov.hotel.ui.MenuBuilderImpl
[2025-03-11 16:22:55] [WARN] [main] org.springframework.context.annotation.AnnotationConfigApplicationContext - Exception encountered during context initialization - cancelling refresh attempt: org.springframework.beans.factory.UnsatisfiedDependencyException: Error creating bean with name 'consoleUI' defined in file [C:\Users\Kirill\IdeaProjects\Test\hotel-ui\target\classes\ru\senla\javacourse\tarasov\hotel\ui\ConsoleUI.class]: Unsatisfied dependency expressed through constructor parameter 0: Error creating bean with name 'menuBuilderImpl' defined in file [C:\Users\Kirill\IdeaProjects\Test\hotel-ui\target\classes\ru\senla\javacourse\tarasov\hotel\ui\MenuBuilderImpl.class]: Unsatisfied dependency expressed through constructor parameter 1: No qualifying bean of type 'ru.senla.javacourse.tarasov.hotel.api.controller.CheckController' available: expected at least 1 bean which qualifies as autowire candidate. Dependency annotations: {}
[2025-03-12 10:22:47] [WARN] [main] org.springframework.core.LocalVariableTableParameterNameDiscoverer - Using deprecated '-debug' fallback for parameter name resolution. Compile the affected code with '-parameters' instead or avoid its introspection: ru.senla.javacourse.tarasov.hotel.ui.MenuBuilderImpl
[2025-03-12 10:22:47] [WARN] [main] org.springframework.core.LocalVariableTableParameterNameDiscoverer - Using deprecated '-debug' fallback for parameter name resolution. Compile the affected code with '-parameters' instead or avoid its introspection: ru.senla.javacourse.tarasov.hotel.impl.service.impl.CheckServiceImpl
[2025-03-12 10:22:47] [WARN] [main] org.springframework.core.LocalVariableTableParameterNameDiscoverer - Using deprecated '-debug' fallback for parameter name resolution. Compile the affected code with '-parameters' instead or avoid its introspection: ru.senla.javacourse.tarasov.hotel.impl.controller.RoomControllerImpl
[2025-03-12 10:22:47] [WARN] [main] org.springframework.core.LocalVariableTableParameterNameDiscoverer - Using deprecated '-debug' fallback for parameter name resolution. Compile the affected code with '-parameters' instead or avoid its introspection: ru.senla.javacourse.tarasov.hotel.impl.service.impl.RoomServiceImpl
[2025-03-12 10:22:50] [ERROR] [main] ru.senla.javacourse.tarasov.hotel.impl.repository.impl.RoomRepositoryImpl - Error fetching all rooms: Cannot invoke "org.hibernate.SessionFactory.openSession()" because "this.sessionFactory" is null
java.lang.NullPointerException: Cannot invoke "org.hibernate.SessionFactory.openSession()" because "this.sessionFactory" is null
	at ru.senla.javacourse.tarasov.hotel.impl.repository.impl.RoomRepositoryImpl.getAllRooms(RoomRepositoryImpl.java:56) [classes/:?]
	at ru.senla.javacourse.tarasov.hotel.impl.service.impl.RoomServiceImpl.getAllRooms(RoomServiceImpl.java:72) [classes/:?]
	at ru.senla.javacourse.tarasov.hotel.impl.controller.RoomControllerImpl.listAllRooms(RoomControllerImpl.java:49) [classes/:?]
	at ru.senla.javacourse.tarasov.hotel.ui.handler.ListAllRoomsHandler.handle(ListAllRoomsHandler.java:16) [classes/:?]
	at ru.senla.javacourse.tarasov.hotel.ui.MenuItem.execute(MenuItem.java:21) [classes/:?]
	at ru.senla.javacourse.tarasov.hotel.ui.ConsoleUI.start(ConsoleUI.java:40) [classes/:?]
	at ru.senla.javacourse.tarasov.hotel.application.App.main(App.java:38) [classes/:?]
[2025-03-12 10:52:56] [WARN] [main] org.springframework.core.LocalVariableTableParameterNameDiscoverer - Using deprecated '-debug' fallback for parameter name resolution. Compile the affected code with '-parameters' instead or avoid its introspection: ru.senla.javacourse.tarasov.hotel.ui.MenuBuilderImpl
[2025-03-12 10:52:56] [WARN] [main] org.springframework.core.LocalVariableTableParameterNameDiscoverer - Using deprecated '-debug' fallback for parameter name resolution. Compile the affected code with '-parameters' instead or avoid its introspection: ru.senla.javacourse.tarasov.hotel.impl.AppConfig
[2025-03-12 10:52:57] [INFO] [main] org.hibernate.Version - HHH000412: Hibernate ORM core version 6.4.4.Final
[2025-03-12 10:52:57] [INFO] [main] org.hibernate.cache.internal.RegionFactoryInitiator - HHH000026: Second-level cache disabled
[2025-03-12 10:52:57] [WARN] [main] org.hibernate.orm.connections.pooling - HHH10001002: Using built-in connection pool (not intended for production use)
[2025-03-12 10:52:57] [INFO] [main] org.hibernate.orm.connections.pooling - HHH10001005: Loaded JDBC driver class: org.postgresql.Driver
[2025-03-12 10:52:57] [INFO] [main] org.hibernate.orm.connections.pooling - HHH10001012: Connecting with JDBC URL [jdbc:postgresql://localhost:5432/Hotel]
[2025-03-12 10:52:57] [INFO] [main] org.hibernate.orm.connections.pooling - HHH10001001: Connection properties: {password=****, user=postgres}
[2025-03-12 10:52:57] [INFO] [main] org.hibernate.orm.connections.pooling - HHH10001003: Autocommit mode: false
[2025-03-12 10:52:57] [INFO] [main] org.hibernate.orm.connections.pooling - HHH10001115: Connection pool size: 20 (min=1)
[2025-03-12 10:52:59] [WARN] [main] org.hibernate.orm.deprecation - HHH90000025: PostgreSQLDialect does not need to be specified explicitly using 'hibernate.dialect' (remove the property setting and it will be selected by default)
[2025-03-12 10:53:00] [INFO] [main] org.hibernate.engine.transaction.jta.platform.internal.JtaPlatformInitiator - HHH000489: No JTA platform available (set 'hibernate.transaction.jta.platform' to enable JTA platform integration)
[2025-03-12 10:53:00] [INFO] [main] org.hibernate.orm.connections.access - HHH10001501: Connection obtained from JdbcConnectionAccess [org.hibernate.engine.jdbc.env.internal.JdbcEnvironmentInitiator$ConnectionProviderJdbcConnectionAccess@5613247e] for (non-JTA) DDL execution was not in auto-commit mode; the Connection 'local transaction' will be committed and the Connection will be set into auto-commit mode.
[2025-03-12 10:53:02] [WARN] [main] org.springframework.core.LocalVariableTableParameterNameDiscoverer - Using deprecated '-debug' fallback for parameter name resolution. Compile the affected code with '-parameters' instead or avoid its introspection: ru.senla.javacourse.tarasov.hotel.impl.service.impl.CheckServiceImpl
[2025-03-12 10:53:02] [WARN] [main] org.springframework.core.LocalVariableTableParameterNameDiscoverer - Using deprecated '-debug' fallback for parameter name resolution. Compile the affected code with '-parameters' instead or avoid its introspection: ru.senla.javacourse.tarasov.hotel.impl.controller.RoomControllerImpl
[2025-03-12 10:53:02] [WARN] [main] org.springframework.core.LocalVariableTableParameterNameDiscoverer - Using deprecated '-debug' fallback for parameter name resolution. Compile the affected code with '-parameters' instead or avoid its introspection: ru.senla.javacourse.tarasov.hotel.impl.service.impl.RoomServiceImpl
[2025-03-13 10:06:59] [WARN] [main] org.springframework.core.LocalVariableTableParameterNameDiscoverer - Using deprecated '-debug' fallback for parameter name resolution. Compile the affected code with '-parameters' instead or avoid its introspection: ru.senla.javacourse.tarasov.hotel.ui.MenuBuilderImpl
[2025-03-13 10:06:59] [WARN] [main] org.springframework.core.LocalVariableTableParameterNameDiscoverer - Using deprecated '-debug' fallback for parameter name resolution. Compile the affected code with '-parameters' instead or avoid its introspection: ru.senla.javacourse.tarasov.hotel.impl.AppConfig
[2025-03-13 10:06:59] [INFO] [main] org.hibernate.Version - HHH000412: Hibernate ORM core version 6.4.4.Final
[2025-03-13 10:07:00] [INFO] [main] org.hibernate.cache.internal.RegionFactoryInitiator - HHH000026: Second-level cache disabled
[2025-03-13 10:07:00] [WARN] [main] org.hibernate.orm.connections.pooling - HHH10001002: Using built-in connection pool (not intended for production use)
[2025-03-13 10:07:00] [INFO] [main] org.hibernate.orm.connections.pooling - HHH10001005: Loaded JDBC driver class: org.postgresql.Driver
[2025-03-13 10:07:00] [INFO] [main] org.hibernate.orm.connections.pooling - HHH10001012: Connecting with JDBC URL [jdbc:postgresql://localhost:5432/Hotel]
[2025-03-13 10:07:00] [INFO] [main] org.hibernate.orm.connections.pooling - HHH10001001: Connection properties: {password=****, user=postgres}
[2025-03-13 10:07:00] [INFO] [main] org.hibernate.orm.connections.pooling - HHH10001003: Autocommit mode: false
[2025-03-13 10:07:00] [INFO] [main] org.hibernate.orm.connections.pooling - HHH10001115: Connection pool size: 20 (min=1)
[2025-03-13 10:07:02] [WARN] [main] org.hibernate.orm.deprecation - HHH90000025: PostgreSQLDialect does not need to be specified explicitly using 'hibernate.dialect' (remove the property setting and it will be selected by default)
[2025-03-13 10:07:03] [INFO] [main] org.hibernate.engine.transaction.jta.platform.internal.JtaPlatformInitiator - HHH000489: No JTA platform available (set 'hibernate.transaction.jta.platform' to enable JTA platform integration)
[2025-03-13 10:07:03] [INFO] [main] org.hibernate.orm.connections.access - HHH10001501: Connection obtained from JdbcConnectionAccess [org.hibernate.engine.jdbc.env.internal.JdbcEnvironmentInitiator$ConnectionProviderJdbcConnectionAccess@5613247e] for (non-JTA) DDL execution was not in auto-commit mode; the Connection 'local transaction' will be committed and the Connection will be set into auto-commit mode.
[2025-03-13 10:07:05] [WARN] [main] org.springframework.core.LocalVariableTableParameterNameDiscoverer - Using deprecated '-debug' fallback for parameter name resolution. Compile the affected code with '-parameters' instead or avoid its introspection: ru.senla.javacourse.tarasov.hotel.impl.service.impl.CheckServiceImpl
[2025-03-13 10:07:05] [WARN] [main] org.springframework.core.LocalVariableTableParameterNameDiscoverer - Using deprecated '-debug' fallback for parameter name resolution. Compile the affected code with '-parameters' instead or avoid its introspection: ru.senla.javacourse.tarasov.hotel.impl.controller.RoomControllerImpl
[2025-03-13 10:07:05] [WARN] [main] org.springframework.core.LocalVariableTableParameterNameDiscoverer - Using deprecated '-debug' fallback for parameter name resolution. Compile the affected code with '-parameters' instead or avoid its introspection: ru.senla.javacourse.tarasov.hotel.impl.service.impl.RoomServiceImpl
